[2024-11-19 21:00:02,732] INFO [GroupCoordinator 0]: Dynamic member with unknown member id joins group log-consumer-group in Empty state. Created a new member id rdkafka-b9a9886a-bae0-410a-b39e-124eb272df64 and request the member to rejoin with this id. (kafka.coordinator.group.GroupCoordinator)
[2024-11-19 21:00:02,766] INFO [GroupCoordinator 0]: Preparing to rebalance group log-consumer-group in state PreparingRebalance with old generation 18 (__consumer_offsets-31) (reason: Adding new member rdkafka-b9a9886a-bae0-410a-b39e-124eb272df64 with group instance id None; client reason: not provided) (kafka.coordinator.group.GroupCoordinator)
[2024-11-19 21:00:02,799] INFO [GroupCoordinator 0]: Stabilized group log-consumer-group generation 19 (__consumer_offsets-31) with 1 members (kafka.coordinator.group.GroupCoordinator)
[2024-11-19 21:00:02,875] INFO [GroupCoordinator 0]: Assignment received from leader rdkafka-b9a9886a-bae0-410a-b39e-124eb272df64 for group log-consumer-group for generation 19. The group has 1 members, 0 of which are static. (kafka.coordinator.group.GroupCoordinator)
[2024-11-19 21:10:45,702] INFO [GroupCoordinator 0]: Preparing to rebalance group log-consumer-group in state PreparingRebalance with old generation 19 (__consumer_offsets-31) (reason: Removing member rdkafka-b9a9886a-bae0-410a-b39e-124eb272df64 on LeaveGroup; client reason: not provided) (kafka.coordinator.group.GroupCoordinator)
[2024-11-19 21:10:45,706] INFO [GroupCoordinator 0]: Group log-consumer-group with generation 20 is now empty (__consumer_offsets-31) (kafka.coordinator.group.GroupCoordinator)
[2024-11-19 21:10:45,744] INFO [GroupCoordinator 0]: Member MemberMetadata(memberId=rdkafka-b9a9886a-bae0-410a-b39e-124eb272df64, groupInstanceId=None, clientId=rdkafka, clientHost=/127.0.0.1, sessionTimeoutMs=45000, rebalanceTimeoutMs=300000, supportedProtocols=List(range, roundrobin)) has left group log-consumer-group through explicit `LeaveGroup`; client reason: not provided (kafka.coordinator.group.GroupCoordinator)
[2024-11-19 21:12:13,470] INFO [GroupCoordinator 0]: Dynamic member with unknown member id joins group log-consumer-group in Empty state. Created a new member id rdkafka-05e2ae6f-99d3-4ad6-a59a-990d50d77cb8 and request the member to rejoin with this id. (kafka.coordinator.group.GroupCoordinator)
[2024-11-19 21:12:13,475] INFO [GroupCoordinator 0]: Preparing to rebalance group log-consumer-group in state PreparingRebalance with old generation 20 (__consumer_offsets-31) (reason: Adding new member rdkafka-05e2ae6f-99d3-4ad6-a59a-990d50d77cb8 with group instance id None; client reason: not provided) (kafka.coordinator.group.GroupCoordinator)
[2024-11-19 21:12:13,478] INFO [GroupCoordinator 0]: Stabilized group log-consumer-group generation 21 (__consumer_offsets-31) with 1 members (kafka.coordinator.group.GroupCoordinator)
[2024-11-19 21:12:13,489] INFO [GroupCoordinator 0]: Assignment received from leader rdkafka-05e2ae6f-99d3-4ad6-a59a-990d50d77cb8 for group log-consumer-group for generation 21. The group has 1 members, 0 of which are static. (kafka.coordinator.group.GroupCoordinator)
[2024-11-19 21:22:26,880] INFO [GroupCoordinator 0]: Preparing to rebalance group log-consumer-group in state PreparingRebalance with old generation 21 (__consumer_offsets-31) (reason: Removing member rdkafka-05e2ae6f-99d3-4ad6-a59a-990d50d77cb8 on LeaveGroup; client reason: not provided) (kafka.coordinator.group.GroupCoordinator)
[2024-11-19 21:22:26,881] INFO [GroupCoordinator 0]: Group log-consumer-group with generation 22 is now empty (__consumer_offsets-31) (kafka.coordinator.group.GroupCoordinator)
[2024-11-19 21:22:26,882] INFO [GroupCoordinator 0]: Member MemberMetadata(memberId=rdkafka-05e2ae6f-99d3-4ad6-a59a-990d50d77cb8, groupInstanceId=None, clientId=rdkafka, clientHost=/127.0.0.1, sessionTimeoutMs=45000, rebalanceTimeoutMs=300000, supportedProtocols=List(range, roundrobin)) has left group log-consumer-group through explicit `LeaveGroup`; client reason: not provided (kafka.coordinator.group.GroupCoordinator)
[2024-11-19 21:22:47,371] INFO [GroupCoordinator 0]: Dynamic member with unknown member id joins group log-consumer-group in Empty state. Created a new member id rdkafka-0afee514-7a53-4b81-b61e-3d724f0420f0 and request the member to rejoin with this id. (kafka.coordinator.group.GroupCoordinator)
[2024-11-19 21:22:47,375] INFO [GroupCoordinator 0]: Preparing to rebalance group log-consumer-group in state PreparingRebalance with old generation 22 (__consumer_offsets-31) (reason: Adding new member rdkafka-0afee514-7a53-4b81-b61e-3d724f0420f0 with group instance id None; client reason: not provided) (kafka.coordinator.group.GroupCoordinator)
[2024-11-19 21:22:47,377] INFO [GroupCoordinator 0]: Stabilized group log-consumer-group generation 23 (__consumer_offsets-31) with 1 members (kafka.coordinator.group.GroupCoordinator)
[2024-11-19 21:22:47,388] INFO [GroupCoordinator 0]: Assignment received from leader rdkafka-0afee514-7a53-4b81-b61e-3d724f0420f0 for group log-consumer-group for generation 23. The group has 1 members, 0 of which are static. (kafka.coordinator.group.GroupCoordinator)
[2024-11-19 21:43:21,576] INFO [GroupCoordinator 0]: Preparing to rebalance group log-consumer-group in state PreparingRebalance with old generation 23 (__consumer_offsets-31) (reason: Removing member rdkafka-0afee514-7a53-4b81-b61e-3d724f0420f0 on LeaveGroup; client reason: not provided) (kafka.coordinator.group.GroupCoordinator)
[2024-11-19 21:43:21,576] INFO [GroupCoordinator 0]: Group log-consumer-group with generation 24 is now empty (__consumer_offsets-31) (kafka.coordinator.group.GroupCoordinator)
[2024-11-19 21:43:21,578] INFO [GroupCoordinator 0]: Member MemberMetadata(memberId=rdkafka-0afee514-7a53-4b81-b61e-3d724f0420f0, groupInstanceId=None, clientId=rdkafka, clientHost=/127.0.0.1, sessionTimeoutMs=45000, rebalanceTimeoutMs=300000, supportedProtocols=List(range, roundrobin)) has left group log-consumer-group through explicit `LeaveGroup`; client reason: not provided (kafka.coordinator.group.GroupCoordinator)
[2024-11-19 21:44:48,102] INFO [GroupCoordinator 0]: Dynamic member with unknown member id joins group log-consumer-group in Empty state. Created a new member id rdkafka-b9ed19a8-3727-41fd-92d1-1173ea16b63d and request the member to rejoin with this id. (kafka.coordinator.group.GroupCoordinator)
[2024-11-19 21:44:48,107] INFO [GroupCoordinator 0]: Preparing to rebalance group log-consumer-group in state PreparingRebalance with old generation 24 (__consumer_offsets-31) (reason: Adding new member rdkafka-b9ed19a8-3727-41fd-92d1-1173ea16b63d with group instance id None; client reason: not provided) (kafka.coordinator.group.GroupCoordinator)
[2024-11-19 21:44:48,109] INFO [GroupCoordinator 0]: Stabilized group log-consumer-group generation 25 (__consumer_offsets-31) with 1 members (kafka.coordinator.group.GroupCoordinator)
[2024-11-19 21:44:48,118] INFO [GroupCoordinator 0]: Assignment received from leader rdkafka-b9ed19a8-3727-41fd-92d1-1173ea16b63d for group log-consumer-group for generation 25. The group has 1 members, 0 of which are static. (kafka.coordinator.group.GroupCoordinator)
