[2024-11-19 20:37:16,596] INFO [Controller id=0 epoch=1] Sending UpdateMetadata request to brokers Set() for 0 partitions (state.change.logger)
[2024-11-19 20:39:22,406] INFO [Controller id=0 epoch=2] Sending UpdateMetadata request to brokers Set(0) for 0 partitions (state.change.logger)
[2024-11-19 20:39:22,905] INFO [Controller id=0 epoch=2] Sending LeaderAndIsr request to broker 0 with 51 become-leader and 0 become-follower partitions (state.change.logger)
[2024-11-19 20:39:22,974] INFO [Controller id=0 epoch=2] Sending UpdateMetadata request to brokers Set(0) for 51 partitions (state.change.logger)
[2024-11-19 20:39:23,641] INFO [Broker id=0] Handling LeaderAndIsr request correlationId 1 from controller 0 for 51 partitions (state.change.logger)
[2024-11-19 20:39:23,826] INFO [Broker id=0] Stopped fetchers as part of LeaderAndIsr request correlationId 1 from controller 0 epoch 2 as part of the become-leader transition for 51 partitions (state.change.logger)
[2024-11-19 20:39:23,935] INFO [Broker id=0] Leader __consumer_offsets-0 with topic id Some(JIo7ukP4Rt2qOk4d3_CSWw) starts at leader epoch 0 from offset 0 with partition epoch 0, high watermark 0, ISR [0], adding replicas [] and removing replicas [] . Previous leader None and previous leader epoch was -1. (state.change.logger)
[2024-11-19 20:39:23,974] INFO [Broker id=0] Leader __consumer_offsets-29 with topic id Some(JIo7ukP4Rt2qOk4d3_CSWw) starts at leader epoch 0 from offset 0 with partition epoch 0, high watermark 0, ISR [0], adding replicas [] and removing replicas [] . Previous leader None and previous leader epoch was -1. (state.change.logger)
[2024-11-19 20:39:24,006] INFO [Broker id=0] Leader __consumer_offsets-48 with topic id Some(JIo7ukP4Rt2qOk4d3_CSWw) starts at leader epoch 0 from offset 0 with partition epoch 0, high watermark 0, ISR [0], adding replicas [] and removing replicas [] . Previous leader None and previous leader epoch was -1. (state.change.logger)
[2024-11-19 20:39:24,038] INFO [Broker id=0] Leader __consumer_offsets-10 with topic id Some(JIo7ukP4Rt2qOk4d3_CSWw) starts at leader epoch 0 from offset 0 with partition epoch 0, high watermark 0, ISR [0], adding replicas [] and removing replicas [] . Previous leader None and previous leader epoch was -1. (state.change.logger)
[2024-11-19 20:39:24,066] INFO [Broker id=0] Leader __consumer_offsets-45 with topic id Some(JIo7ukP4Rt2qOk4d3_CSWw) starts at leader epoch 0 from offset 0 with partition epoch 0, high watermark 0, ISR [0], adding replicas [] and removing replicas [] . Previous leader None and previous leader epoch was -1. (state.change.logger)
[2024-11-19 20:39:24,106] INFO [Broker id=0] Leader __consumer_offsets-26 with topic id Some(JIo7ukP4Rt2qOk4d3_CSWw) starts at leader epoch 0 from offset 0 with partition epoch 0, high watermark 0, ISR [0], adding replicas [] and removing replicas [] . Previous leader None and previous leader epoch was -1. (state.change.logger)
[2024-11-19 20:39:24,144] INFO [Broker id=0] Leader __consumer_offsets-7 with topic id Some(JIo7ukP4Rt2qOk4d3_CSWw) starts at leader epoch 0 from offset 0 with partition epoch 0, high watermark 0, ISR [0], adding replicas [] and removing replicas [] . Previous leader None and previous leader epoch was -1. (state.change.logger)
[2024-11-19 20:39:24,175] INFO [Broker id=0] Leader __consumer_offsets-42 with topic id Some(JIo7ukP4Rt2qOk4d3_CSWw) starts at leader epoch 0 from offset 0 with partition epoch 0, high watermark 0, ISR [0], adding replicas [] and removing replicas [] . Previous leader None and previous leader epoch was -1. (state.change.logger)
[2024-11-19 20:39:24,197] INFO [Broker id=0] Leader __consumer_offsets-4 with topic id Some(JIo7ukP4Rt2qOk4d3_CSWw) starts at leader epoch 0 from offset 0 with partition epoch 0, high watermark 0, ISR [0], adding replicas [] and removing replicas [] . Previous leader None and previous leader epoch was -1. (state.change.logger)
[2024-11-19 20:39:24,222] INFO [Broker id=0] Leader __consumer_offsets-23 with topic id Some(JIo7ukP4Rt2qOk4d3_CSWw) starts at leader epoch 0 from offset 0 with partition epoch 0, high watermark 0, ISR [0], adding replicas [] and removing replicas [] . Previous leader None and previous leader epoch was -1. (state.change.logger)
[2024-11-19 20:39:24,235] INFO [Broker id=0] Leader __consumer_offsets-1 with topic id Some(JIo7ukP4Rt2qOk4d3_CSWw) starts at leader epoch 0 from offset 0 with partition epoch 0, high watermark 0, ISR [0], adding replicas [] and removing replicas [] . Previous leader None and previous leader epoch was -1. (state.change.logger)
[2024-11-19 20:39:24,264] INFO [Broker id=0] Leader __consumer_offsets-20 with topic id Some(JIo7ukP4Rt2qOk4d3_CSWw) starts at leader epoch 0 from offset 0 with partition epoch 0, high watermark 0, ISR [0], adding replicas [] and removing replicas [] . Previous leader None and previous leader epoch was -1. (state.change.logger)
[2024-11-19 20:39:24,286] INFO [Broker id=0] Leader __consumer_offsets-39 with topic id Some(JIo7ukP4Rt2qOk4d3_CSWw) starts at leader epoch 0 from offset 0 with partition epoch 0, high watermark 0, ISR [0], adding replicas [] and removing replicas [] . Previous leader None and previous leader epoch was -1. (state.change.logger)
[2024-11-19 20:39:24,301] INFO [Broker id=0] Leader __consumer_offsets-17 with topic id Some(JIo7ukP4Rt2qOk4d3_CSWw) starts at leader epoch 0 from offset 0 with partition epoch 0, high watermark 0, ISR [0], adding replicas [] and removing replicas [] . Previous leader None and previous leader epoch was -1. (state.change.logger)
[2024-11-19 20:39:24,328] INFO [Broker id=0] Leader __consumer_offsets-36 with topic id Some(JIo7ukP4Rt2qOk4d3_CSWw) starts at leader epoch 0 from offset 0 with partition epoch 0, high watermark 0, ISR [0], adding replicas [] and removing replicas [] . Previous leader None and previous leader epoch was -1. (state.change.logger)
[2024-11-19 20:39:24,357] INFO [Broker id=0] Leader __consumer_offsets-14 with topic id Some(JIo7ukP4Rt2qOk4d3_CSWw) starts at leader epoch 0 from offset 0 with partition epoch 0, high watermark 0, ISR [0], adding replicas [] and removing replicas [] . Previous leader None and previous leader epoch was -1. (state.change.logger)
[2024-11-19 20:39:24,381] INFO [Broker id=0] Leader __consumer_offsets-33 with topic id Some(JIo7ukP4Rt2qOk4d3_CSWw) starts at leader epoch 0 from offset 0 with partition epoch 0, high watermark 0, ISR [0], adding replicas [] and removing replicas [] . Previous leader None and previous leader epoch was -1. (state.change.logger)
[2024-11-19 20:39:24,407] INFO [Broker id=0] Leader __consumer_offsets-49 with topic id Some(JIo7ukP4Rt2qOk4d3_CSWw) starts at leader epoch 0 from offset 0 with partition epoch 0, high watermark 0, ISR [0], adding replicas [] and removing replicas [] . Previous leader None and previous leader epoch was -1. (state.change.logger)
[2024-11-19 20:39:24,427] INFO [Broker id=0] Leader __consumer_offsets-11 with topic id Some(JIo7ukP4Rt2qOk4d3_CSWw) starts at leader epoch 0 from offset 0 with partition epoch 0, high watermark 0, ISR [0], adding replicas [] and removing replicas [] . Previous leader None and previous leader epoch was -1. (state.change.logger)
[2024-11-19 20:39:24,451] INFO [Broker id=0] Leader __consumer_offsets-30 with topic id Some(JIo7ukP4Rt2qOk4d3_CSWw) starts at leader epoch 0 from offset 0 with partition epoch 0, high watermark 0, ISR [0], adding replicas [] and removing replicas [] . Previous leader None and previous leader epoch was -1. (state.change.logger)
[2024-11-19 20:39:24,474] INFO [Broker id=0] Leader __consumer_offsets-46 with topic id Some(JIo7ukP4Rt2qOk4d3_CSWw) starts at leader epoch 0 from offset 0 with partition epoch 0, high watermark 0, ISR [0], adding replicas [] and removing replicas [] . Previous leader None and previous leader epoch was -1. (state.change.logger)
[2024-11-19 20:39:24,506] INFO [Broker id=0] Leader __consumer_offsets-27 with topic id Some(JIo7ukP4Rt2qOk4d3_CSWw) starts at leader epoch 0 from offset 0 with partition epoch 0, high watermark 0, ISR [0], adding replicas [] and removing replicas [] . Previous leader None and previous leader epoch was -1. (state.change.logger)
[2024-11-19 20:39:24,525] INFO [Broker id=0] Leader __consumer_offsets-8 with topic id Some(JIo7ukP4Rt2qOk4d3_CSWw) starts at leader epoch 0 from offset 0 with partition epoch 0, high watermark 0, ISR [0], adding replicas [] and removing replicas [] . Previous leader None and previous leader epoch was -1. (state.change.logger)
[2024-11-19 20:39:24,549] INFO [Broker id=0] Leader __consumer_offsets-24 with topic id Some(JIo7ukP4Rt2qOk4d3_CSWw) starts at leader epoch 0 from offset 0 with partition epoch 0, high watermark 0, ISR [0], adding replicas [] and removing replicas [] . Previous leader None and previous leader epoch was -1. (state.change.logger)
[2024-11-19 20:39:24,570] INFO [Broker id=0] Leader __consumer_offsets-43 with topic id Some(JIo7ukP4Rt2qOk4d3_CSWw) starts at leader epoch 0 from offset 0 with partition epoch 0, high watermark 0, ISR [0], adding replicas [] and removing replicas [] . Previous leader None and previous leader epoch was -1. (state.change.logger)
[2024-11-19 20:39:24,587] INFO [Broker id=0] Leader __consumer_offsets-5 with topic id Some(JIo7ukP4Rt2qOk4d3_CSWw) starts at leader epoch 0 from offset 0 with partition epoch 0, high watermark 0, ISR [0], adding replicas [] and removing replicas [] . Previous leader None and previous leader epoch was -1. (state.change.logger)
[2024-11-19 20:39:24,611] INFO [Broker id=0] Leader __consumer_offsets-21 with topic id Some(JIo7ukP4Rt2qOk4d3_CSWw) starts at leader epoch 0 from offset 0 with partition epoch 0, high watermark 0, ISR [0], adding replicas [] and removing replicas [] . Previous leader None and previous leader epoch was -1. (state.change.logger)
[2024-11-19 20:39:24,634] INFO [Broker id=0] Leader __consumer_offsets-40 with topic id Some(JIo7ukP4Rt2qOk4d3_CSWw) starts at leader epoch 0 from offset 0 with partition epoch 0, high watermark 0, ISR [0], adding replicas [] and removing replicas [] . Previous leader None and previous leader epoch was -1. (state.change.logger)
[2024-11-19 20:39:24,653] INFO [Broker id=0] Leader __consumer_offsets-2 with topic id Some(JIo7ukP4Rt2qOk4d3_CSWw) starts at leader epoch 0 from offset 0 with partition epoch 0, high watermark 0, ISR [0], adding replicas [] and removing replicas [] . Previous leader None and previous leader epoch was -1. (state.change.logger)
[2024-11-19 20:39:24,677] INFO [Broker id=0] Leader __consumer_offsets-37 with topic id Some(JIo7ukP4Rt2qOk4d3_CSWw) starts at leader epoch 0 from offset 0 with partition epoch 0, high watermark 0, ISR [0], adding replicas [] and removing replicas [] . Previous leader None and previous leader epoch was -1. (state.change.logger)
[2024-11-19 20:39:24,696] INFO [Broker id=0] Leader __consumer_offsets-18 with topic id Some(JIo7ukP4Rt2qOk4d3_CSWw) starts at leader epoch 0 from offset 0 with partition epoch 0, high watermark 0, ISR [0], adding replicas [] and removing replicas [] . Previous leader None and previous leader epoch was -1. (state.change.logger)
[2024-11-19 20:39:24,720] INFO [Broker id=0] Leader __consumer_offsets-34 with topic id Some(JIo7ukP4Rt2qOk4d3_CSWw) starts at leader epoch 0 from offset 0 with partition epoch 0, high watermark 0, ISR [0], adding replicas [] and removing replicas [] . Previous leader None and previous leader epoch was -1. (state.change.logger)
[2024-11-19 20:39:24,740] INFO [Broker id=0] Leader __consumer_offsets-15 with topic id Some(JIo7ukP4Rt2qOk4d3_CSWw) starts at leader epoch 0 from offset 0 with partition epoch 0, high watermark 0, ISR [0], adding replicas [] and removing replicas [] . Previous leader None and previous leader epoch was -1. (state.change.logger)
[2024-11-19 20:39:24,765] INFO [Broker id=0] Leader __consumer_offsets-12 with topic id Some(JIo7ukP4Rt2qOk4d3_CSWw) starts at leader epoch 0 from offset 0 with partition epoch 0, high watermark 0, ISR [0], adding replicas [] and removing replicas [] . Previous leader None and previous leader epoch was -1. (state.change.logger)
[2024-11-19 20:39:24,790] INFO [Broker id=0] Leader __consumer_offsets-31 with topic id Some(JIo7ukP4Rt2qOk4d3_CSWw) starts at leader epoch 0 from offset 1010 with partition epoch 0, high watermark 1010, ISR [0], adding replicas [] and removing replicas [] . Previous leader None and previous leader epoch was -1. (state.change.logger)
[2024-11-19 20:39:24,792] INFO [Broker id=0] Leader __consumer_offsets-9 with topic id Some(JIo7ukP4Rt2qOk4d3_CSWw) starts at leader epoch 0 from offset 0 with partition epoch 0, high watermark 0, ISR [0], adding replicas [] and removing replicas [] . Previous leader None and previous leader epoch was -1. (state.change.logger)
[2024-11-19 20:39:24,816] INFO [Broker id=0] Leader __consumer_offsets-47 with topic id Some(JIo7ukP4Rt2qOk4d3_CSWw) starts at leader epoch 0 from offset 0 with partition epoch 0, high watermark 0, ISR [0], adding replicas [] and removing replicas [] . Previous leader None and previous leader epoch was -1. (state.change.logger)
[2024-11-19 20:39:24,844] INFO [Broker id=0] Leader __consumer_offsets-19 with topic id Some(JIo7ukP4Rt2qOk4d3_CSWw) starts at leader epoch 0 from offset 0 with partition epoch 0, high watermark 0, ISR [0], adding replicas [] and removing replicas [] . Previous leader None and previous leader epoch was -1. (state.change.logger)
[2024-11-19 20:39:24,865] INFO [Broker id=0] Leader __consumer_offsets-28 with topic id Some(JIo7ukP4Rt2qOk4d3_CSWw) starts at leader epoch 0 from offset 0 with partition epoch 0, high watermark 0, ISR [0], adding replicas [] and removing replicas [] . Previous leader None and previous leader epoch was -1. (state.change.logger)
[2024-11-19 20:39:24,895] INFO [Broker id=0] Leader __consumer_offsets-38 with topic id Some(JIo7ukP4Rt2qOk4d3_CSWw) starts at leader epoch 0 from offset 0 with partition epoch 0, high watermark 0, ISR [0], adding replicas [] and removing replicas [] . Previous leader None and previous leader epoch was -1. (state.change.logger)
[2024-11-19 20:39:24,925] INFO [Broker id=0] Leader __consumer_offsets-35 with topic id Some(JIo7ukP4Rt2qOk4d3_CSWw) starts at leader epoch 0 from offset 0 with partition epoch 0, high watermark 0, ISR [0], adding replicas [] and removing replicas [] . Previous leader None and previous leader epoch was -1. (state.change.logger)
[2024-11-19 20:39:24,946] INFO [Broker id=0] Leader __consumer_offsets-6 with topic id Some(JIo7ukP4Rt2qOk4d3_CSWw) starts at leader epoch 0 from offset 0 with partition epoch 0, high watermark 0, ISR [0], adding replicas [] and removing replicas [] . Previous leader None and previous leader epoch was -1. (state.change.logger)
[2024-11-19 20:39:24,965] INFO [Broker id=0] Leader __consumer_offsets-44 with topic id Some(JIo7ukP4Rt2qOk4d3_CSWw) starts at leader epoch 0 from offset 0 with partition epoch 0, high watermark 0, ISR [0], adding replicas [] and removing replicas [] . Previous leader None and previous leader epoch was -1. (state.change.logger)
[2024-11-19 20:39:24,986] INFO [Broker id=0] Leader __consumer_offsets-25 with topic id Some(JIo7ukP4Rt2qOk4d3_CSWw) starts at leader epoch 0 from offset 0 with partition epoch 0, high watermark 0, ISR [0], adding replicas [] and removing replicas [] . Previous leader None and previous leader epoch was -1. (state.change.logger)
[2024-11-19 20:39:25,007] INFO [Broker id=0] Leader __consumer_offsets-16 with topic id Some(JIo7ukP4Rt2qOk4d3_CSWw) starts at leader epoch 0 from offset 0 with partition epoch 0, high watermark 0, ISR [0], adding replicas [] and removing replicas [] . Previous leader None and previous leader epoch was -1. (state.change.logger)
[2024-11-19 20:39:25,034] INFO [Broker id=0] Leader __consumer_offsets-22 with topic id Some(JIo7ukP4Rt2qOk4d3_CSWw) starts at leader epoch 0 from offset 0 with partition epoch 0, high watermark 0, ISR [0], adding replicas [] and removing replicas [] . Previous leader None and previous leader epoch was -1. (state.change.logger)
[2024-11-19 20:39:25,067] INFO [Broker id=0] Leader __consumer_offsets-41 with topic id Some(JIo7ukP4Rt2qOk4d3_CSWw) starts at leader epoch 0 from offset 0 with partition epoch 0, high watermark 0, ISR [0], adding replicas [] and removing replicas [] . Previous leader None and previous leader epoch was -1. (state.change.logger)
[2024-11-19 20:39:25,095] INFO [Broker id=0] Leader __consumer_offsets-32 with topic id Some(JIo7ukP4Rt2qOk4d3_CSWw) starts at leader epoch 0 from offset 0 with partition epoch 0, high watermark 0, ISR [0], adding replicas [] and removing replicas [] . Previous leader None and previous leader epoch was -1. (state.change.logger)
[2024-11-19 20:39:25,115] INFO [Broker id=0] Leader logs-0 with topic id Some(JQJtgxYGTSiSePp86kR0iw) starts at leader epoch 0 from offset 6692 with partition epoch 0, high watermark 6692, ISR [0], adding replicas [] and removing replicas [] . Previous leader None and previous leader epoch was -1. (state.change.logger)
[2024-11-19 20:39:25,118] INFO [Broker id=0] Leader __consumer_offsets-3 with topic id Some(JIo7ukP4Rt2qOk4d3_CSWw) starts at leader epoch 0 from offset 0 with partition epoch 0, high watermark 0, ISR [0], adding replicas [] and removing replicas [] . Previous leader None and previous leader epoch was -1. (state.change.logger)
[2024-11-19 20:39:25,144] INFO [Broker id=0] Leader __consumer_offsets-13 with topic id Some(JIo7ukP4Rt2qOk4d3_CSWw) starts at leader epoch 0 from offset 0 with partition epoch 0, high watermark 0, ISR [0], adding replicas [] and removing replicas [] . Previous leader None and previous leader epoch was -1. (state.change.logger)
[2024-11-19 20:39:25,384] INFO [Broker id=0] Finished LeaderAndIsr request in 1748ms correlationId 1 from controller 0 for 51 partitions (state.change.logger)
[2024-11-19 20:39:25,503] INFO [Broker id=0] Add 51 partitions and deleted 0 partitions from metadata cache in response to UpdateMetadata request sent by controller 0 epoch 2 with correlation id 2 (state.change.logger)
[2024-11-19 20:39:39,273] INFO [Controller id=0 epoch=2] Changed partition test-topic-0 state from NonExistentPartition to NewPartition with assigned replicas 0 (state.change.logger)
[2024-11-19 20:39:39,274] INFO [Controller id=0 epoch=2] Sending UpdateMetadata request to brokers Set() for 0 partitions (state.change.logger)
[2024-11-19 20:39:39,281] INFO [Controller id=0 epoch=2] Sending UpdateMetadata request to brokers Set() for 0 partitions (state.change.logger)
[2024-11-19 20:39:39,342] INFO [Controller id=0 epoch=2] Changed partition test-topic-0 from NewPartition to OnlinePartition with state LeaderAndIsr(leader=0, leaderEpoch=0, isrWithBrokerEpoch=List(BrokerState(brokerId=0, brokerEpoch=-1)), leaderRecoveryState=RECOVERED, partitionEpoch=0) (state.change.logger)
[2024-11-19 20:39:39,342] INFO [Controller id=0 epoch=2] Sending LeaderAndIsr request to broker 0 with 1 become-leader and 0 become-follower partitions (state.change.logger)
[2024-11-19 20:39:39,343] INFO [Controller id=0 epoch=2] Sending UpdateMetadata request to brokers Set(0) for 1 partitions (state.change.logger)
[2024-11-19 20:39:39,344] INFO [Controller id=0 epoch=2] Sending UpdateMetadata request to brokers Set() for 0 partitions (state.change.logger)
[2024-11-19 20:39:39,346] INFO [Broker id=0] Handling LeaderAndIsr request correlationId 3 from controller 0 for 1 partitions (state.change.logger)
[2024-11-19 20:39:39,351] INFO [Broker id=0] Stopped fetchers as part of LeaderAndIsr request correlationId 3 from controller 0 epoch 2 as part of the become-leader transition for 1 partitions (state.change.logger)
[2024-11-19 20:39:39,411] INFO [Broker id=0] Leader test-topic-0 with topic id Some(Kf2auDesTHOxWhUHObl5Hw) starts at leader epoch 0 from offset 0 with partition epoch 0, high watermark 0, ISR [0], adding replicas [] and removing replicas [] . Previous leader None and previous leader epoch was -1. (state.change.logger)
[2024-11-19 20:39:39,436] INFO [Broker id=0] Finished LeaderAndIsr request in 90ms correlationId 3 from controller 0 for 1 partitions (state.change.logger)
[2024-11-19 20:39:39,450] INFO [Broker id=0] Add 1 partitions and deleted 0 partitions from metadata cache in response to UpdateMetadata request sent by controller 0 epoch 2 with correlation id 4 (state.change.logger)
